2022.04.10 23:05:54 INFO  tracing is disabled for protocol LSP, to enable tracing of incoming and outgoing JSON messages create an empty file at /Users/hector97i/development/play-scala-app/.metals/lsp.trace.json or /Users/hector97i/Library/Caches/org.scalameta.metals/lsp.trace.json[0m
2022.04.10 23:05:55 INFO  logging to file /Users/hector97i/development/play-scala-app/.metals/metals.log[0m
2022.04.10 23:05:55 INFO  Started: Metals version 0.11.2 in workspace '/Users/hector97i/development/play-scala-app' for client Visual Studio Code 1.63.2.[0m
2022.04.10 23:05:55 INFO  Parse release: 11.0.11[0m
2022.04.10 23:06:03 INFO  time: initialize in 7.69s[0m
2022.04.10 23:06:03 WARN  Build server is not auto-connectable.[0m
2022.04.10 23:06:08 WARN  no build target for: /Users/hector97i/development/play-scala-app/app/controllers/HomeController.scala[0m
2022.04.10 23:06:09 INFO  running '/Library/Java/JavaVirtualMachines/adoptopenjdk-11.jdk/Contents/Home/bin/java -Djline.terminal=jline.UnsupportedTerminal -Dsbt.log.noformat=true -Dfile.encoding=UTF-8 -jar /var/folders/ff/cl84xld16_31gbc__vb4yy340000gn/T/metals7640647420882922349/sbt-launch.jar -Dbloop.export-jar-classifiers=sources bloopInstall'[0m
2022.04.10 23:06:10 WARN  no build target for: /Users/hector97i/development/play-scala-app/project/metals.sbt[0m
2022.04.10 23:06:10 WARN  no build target for: /Users/hector97i/development/play-scala-app/project/project/metals.sbt[0m
2022.04.10 23:06:10 INFO  skipping build import with status 'Started'[0m
2022.04.10 23:06:12 INFO  [info] welcome to sbt 1.6.2 (AdoptOpenJDK Java 11.0.11)[0m
2022.04.10 23:06:17 INFO  [info] loading settings for project play-scala-app-build-build-build from metals.sbt ...[0m
2022.04.10 23:06:19 INFO  [info] loading project definition from /Users/hector97i/development/play-scala-app/project/project/project[0m
2022.04.10 23:06:43 INFO  [info] loading settings for project play-scala-app-build-build from metals.sbt ...[0m
2022.04.10 23:06:43 INFO  no build target found for /Users/hector97i/development/play-scala-app/app/controllers/HomeController.scala. Using presentation compiler with project's scala-library version: 3.1.1[0m
2022.04.10 23:06:43 INFO  [info] loading project definition from /Users/hector97i/development/play-scala-app/project/project[0m
2022.04.10 23:06:47 INFO  time: code lens generation in 37s[0m
2022.04.10 23:06:47 INFO  time: code lens generation in 37s[0m
2022.04.10 23:06:47 INFO  time: code lens generation in 38s[0m
2022.04.10 23:06:47 INFO  time: code lens generation in 38s[0m
2022.04.10 23:06:51 INFO  [success] Generated .bloop/play-scala-app-build-build.json[0m
2022.04.10 23:06:51 INFO  [success] Total time: 8 s, completed Apr 10, 2022, 11:06:52 PM[0m
2022.04.10 23:06:54 INFO  [info] loading settings for project play-scala-app-build from metals.sbt,plugins.sbt ...[0m
2022.04.10 23:06:54 INFO  [info] loading project definition from /Users/hector97i/development/play-scala-app/project[0m
2022.04.10 23:07:13 INFO  [success] Generated .bloop/play-scala-app-build.json[0m
2022.04.10 23:07:13 INFO  [success] Total time: 20 s, completed Apr 10, 2022, 11:07:14 PM[0m
2022.04.10 23:07:20 INFO  [info] loading settings for project root from build.sbt ...[0m
2022.04.10 23:07:20 INFO  [info]   __              __[0m
2022.04.10 23:07:20 INFO  [info]   \ \     ____   / /____ _ __  __[0m
2022.04.10 23:07:20 INFO  [info]    \ \   / __ \ / // __ `// / / /[0m
2022.04.10 23:07:20 INFO  [info]    / /  / /_/ // // /_/ // /_/ /[0m
2022.04.10 23:07:20 INFO  [info]   /_/  / .___//_/ \__,_/ \__, /[0m
2022.04.10 23:07:20 INFO  [info]       /_/               /____/[0m
2022.04.10 23:07:20 INFO  [info] [0m
2022.04.10 23:07:20 INFO  [info] Version 2.8.15 running Java 11.0.11[0m
2022.04.10 23:07:20 INFO  [info] [0m
2022.04.10 23:07:20 INFO  [info] Play is run entirely by the community. Please consider contributing and/or donating:[0m
2022.04.10 23:07:20 INFO  [info] https://www.playframework.com/sponsors[0m
2022.04.10 23:07:20 INFO  [info] [0m
2022.04.10 23:07:49 INFO  [success] Generated .bloop/root.json[0m
2022.04.10 23:07:49 INFO  [success] Generated .bloop/root-test.json[0m
2022.04.10 23:07:49 INFO  [success] Total time: 28 s, completed Apr 10, 2022, 11:07:49 PM[0m
2022.04.10 23:07:49 INFO  time: ran 'sbt bloopInstall' in 1m39s[0m
2022.04.10 23:07:49 INFO  Attempting to connect to the build server...[0m
2022.04.10 23:08:08 INFO  tracing is disabled for protocol BSP, to enable tracing of incoming and outgoing JSON messages create an empty file at /Users/hector97i/development/play-scala-app/.metals/bsp.trace.json or /Users/hector97i/Library/Caches/org.scalameta.metals/bsp.trace.json[0m
2022.04.10 23:08:12 INFO  Attempting to connect to the build server...[0m
2022.04.10 23:08:12 INFO  Attempting to connect to the build server...[0m
2022.04.10 23:08:12 INFO  tracing is disabled for protocol BSP, to enable tracing of incoming and outgoing JSON messages create an empty file at /Users/hector97i/development/play-scala-app/project/project/.metals/bsp.trace.json or /Users/hector97i/Library/Caches/org.scalameta.metals/bsp.trace.json[0m
2022.04.10 23:08:12 INFO  tracing is disabled for protocol BSP, to enable tracing of incoming and outgoing JSON messages create an empty file at /Users/hector97i/development/play-scala-app/project/.metals/bsp.trace.json or /Users/hector97i/Library/Caches/org.scalameta.metals/bsp.trace.json[0m
2022.04.10 23:08:15 INFO  time: Connected to build server in 25s[0m
2022.04.10 23:08:15 INFO  Connected to Build server: Bloop v1.4.13[0m
2022.04.10 23:08:15 INFO  time: Imported build in 0.43s[0m
2022.04.10 23:08:30 INFO  time: indexed workspace in 14s[0m
2022.04.10 23:15:15 INFO  compiling root (7 scala sources and 1 java source)[0m
Apr 10, 2022 11:15:24 PM org.eclipse.lsp4j.jsonrpc.services.GenericEndpoint notify
INFO: Unsupported notification method: $/setTrace
2022.04.10 23:15:45 INFO  time: compiled root in 29s[0m
2022.04.10 23:18:52 INFO  time: code lens generation in 5.18s[0m
2022.04.10 23:18:52 INFO  time: code lens generation in 3.89s[0m
2022.04.10 23:18:52 INFO  time: code lens generation in 4.86s[0m
2022.04.10 23:18:52 INFO  time: code lens generation in 5.18s[0m
2022.04.10 23:18:52 INFO  time: code lens generation in 3.89s[0m
2022.04.10 23:18:52 INFO  time: code lens generation in 4.86s[0m
Exception in thread "pool-5-thread-1" java.lang.InterruptedException
	at scala.meta.internal.metals.FutureCancelToken.checkCanceled(FutureCancelToken.scala:29)
	at scala.meta.internal.pc.CompilerAccess.$anonfun$onCompilerJobQueue$1(CompilerAccess.scala:195)
	at scala.meta.internal.pc.CompilerJobQueue$Job.run(CompilerJobQueue.scala:139)
	at java.base/java.util.concurrent.ThreadPoolExecutor.runWorker(ThreadPoolExecutor.java:1128)
	at java.base/java.util.concurrent.ThreadPoolExecutor$Worker.run(ThreadPoolExecutor.java:628)
	at java.base/java.lang.Thread.run(Thread.java:829)
Apr 10, 2022 11:32:08 PM org.eclipse.lsp4j.jsonrpc.services.GenericEndpoint notify
INFO: Unsupported notification method: $/setTrace
2022.04.10 23:32:26 INFO  shutting down Metals[0m
2022.04.10 23:32:28 INFO  Shut down connection with build server.[0m
2022.04.10 23:32:28 INFO  Shut down connection with build server.[0m
2022.04.10 23:32:28 INFO  Shut down connection with build server.[0m
2022.04.10 23:32:35 INFO  tracing is disabled for protocol LSP, to enable tracing of incoming and outgoing JSON messages create an empty file at /Users/hector97i/development/play-scala-app/.metals/lsp.trace.json or /Users/hector97i/Library/Caches/org.scalameta.metals/lsp.trace.json[0m
2022.04.10 23:32:36 INFO  logging to file /Users/hector97i/development/play-scala-app/.metals/metals.log[0m
2022.04.10 23:32:36 INFO  Started: Metals version 0.11.2 in workspace '/Users/hector97i/development/play-scala-app' for client Visual Studio Code 1.63.2.[0m
2022.04.10 23:32:36 INFO  Parse release: 11.0.11[0m
2022.04.10 23:32:42 INFO  time: initialize in 5.58s[0m
2022.04.10 23:32:43 INFO  Attempting to connect to the build server...[0m
2022.04.10 23:32:43 INFO  skipping build import with status 'Installed'[0m
2022.04.10 23:32:43 INFO  tracing is disabled for protocol BSP, to enable tracing of incoming and outgoing JSON messages create an empty file at /Users/hector97i/development/play-scala-app/.metals/bsp.trace.json or /Users/hector97i/Library/Caches/org.scalameta.metals/bsp.trace.json[0m
2022.04.10 23:32:43 INFO  Attempting to connect to the build server...[0m
2022.04.10 23:32:43 INFO  Attempting to connect to the build server...[0m
2022.04.10 23:32:43 INFO  tracing is disabled for protocol BSP, to enable tracing of incoming and outgoing JSON messages create an empty file at /Users/hector97i/development/play-scala-app/project/.metals/bsp.trace.json or /Users/hector97i/Library/Caches/org.scalameta.metals/bsp.trace.json[0m
2022.04.10 23:32:44 INFO  tracing is disabled for protocol BSP, to enable tracing of incoming and outgoing JSON messages create an empty file at /Users/hector97i/development/play-scala-app/project/project/.metals/bsp.trace.json or /Users/hector97i/Library/Caches/org.scalameta.metals/bsp.trace.json[0m
2022.04.10 23:32:44 INFO  time: Connected to build server in 1.05s[0m
2022.04.10 23:32:44 INFO  Connected to Build server: Bloop v1.4.13[0m
2022.04.10 23:32:44 INFO  time: Imported build in 0.4s[0m
2022.04.10 23:32:55 INFO  time: indexed workspace in 10s[0m
2022.04.10 23:42:24 INFO  compiling root (1 scala source)[0m
2022.04.10 23:42:26 INFO  Deduplicating compilation of root from bsp client 'Metals 0.11.2' (since 9m 42.236s)[0m
2022.04.10 23:42:26 INFO  compiling root (1 scala source)[0m
2022.04.10 23:42:27 INFO  time: compiled root in 1.32s[0m
Apr 10, 2022 11:43:30 PM org.eclipse.lsp4j.jsonrpc.RemoteEndpoint handleCancellation
WARNING: Unmatched cancel notification for request id 97
2022.04.10 23:43:35 INFO  time: code lens generation in 5.25s[0m
2022.04.10 23:43:35 INFO  time: code lens generation in 5.25s[0m
2022.04.10 23:43:35 INFO  time: code lens generation in 5.55s[0m
2022.04.10 23:43:35 INFO  time: code lens generation in 2.72s[0m
2022.04.10 23:43:35 INFO  time: code lens generation in 5.55s[0m
2022.04.10 23:43:35 INFO  time: code lens generation in 2.72s[0m
2022.04.10 23:43:48 INFO  running '/Library/Java/JavaVirtualMachines/adoptopenjdk-11.jdk/Contents/Home/bin/java -Djline.terminal=jline.UnsupportedTerminal -Dsbt.log.noformat=true -Dfile.encoding=UTF-8 -jar /var/folders/ff/cl84xld16_31gbc__vb4yy340000gn/T/metals16886513701150163701/sbt-launch.jar -Dbloop.export-jar-classifiers=sources bloopInstall'[0m
2022.04.10 23:43:51 INFO  [info] welcome to sbt 1.6.2 (AdoptOpenJDK Java 11.0.11)[0m
2022.04.10 23:43:53 INFO  [info] loading settings for project play-scala-app-build-build-build from metals.sbt ...[0m
2022.04.10 23:43:55 INFO  [info] loading project definition from /Users/hector97i/development/play-scala-app/project/project/project[0m
2022.04.10 23:43:57 INFO  [info] loading settings for project play-scala-app-build-build from metals.sbt ...[0m
2022.04.10 23:43:57 INFO  [info] loading project definition from /Users/hector97i/development/play-scala-app/project/project[0m
2022.04.10 23:44:02 INFO  [success] Generated .bloop/play-scala-app-build-build.json[0m
2022.04.10 23:44:02 INFO  [success] Total time: 5 s, completed Apr 10, 2022, 11:44:02 PM[0m
2022.04.10 23:44:02 INFO  [info] loading settings for project play-scala-app-build from metals.sbt,plugins.sbt ...[0m
2022.04.10 23:44:03 INFO  [info] loading project definition from /Users/hector97i/development/play-scala-app/project[0m
2022.04.10 23:44:04 INFO  [success] Generated .bloop/play-scala-app-build.json[0m
2022.04.10 23:44:04 INFO  [success] Total time: 2 s, completed Apr 10, 2022, 11:44:05 PM[0m
2022.04.10 23:44:12 INFO  [info] loading settings for project root from build.sbt ...[0m
2022.04.10 23:44:12 INFO  [info]   __              __[0m
2022.04.10 23:44:12 INFO  [info]   \ \     ____   / /____ _ __  __[0m
2022.04.10 23:44:12 INFO  [info]    \ \   / __ \ / // __ `// / / /[0m
2022.04.10 23:44:12 INFO  [info]    / /  / /_/ // // /_/ // /_/ /[0m
2022.04.10 23:44:12 INFO  [info]   /_/  / .___//_/ \__,_/ \__, /[0m
2022.04.10 23:44:12 INFO  [info]       /_/               /____/[0m
2022.04.10 23:44:12 INFO  [info] [0m
2022.04.10 23:44:12 INFO  [info] Version 2.8.15 running Java 11.0.11[0m
2022.04.10 23:44:12 INFO  [info] [0m
2022.04.10 23:44:12 INFO  [info] Play is run entirely by the community. Please consider contributing and/or donating:[0m
2022.04.10 23:44:12 INFO  [info] https://www.playframework.com/sponsors[0m
2022.04.10 23:44:12 INFO  [info] [0m
2022.04.10 23:44:22 INFO  [success] Generated .bloop/root-test.json[0m
2022.04.10 23:44:22 INFO  [success] Generated .bloop/root.json[0m
2022.04.10 23:44:22 INFO  [success] Total time: 8 s, completed Apr 10, 2022, 11:44:22 PM[0m
2022.04.10 23:44:22 INFO  time: ran 'sbt bloopInstall' in 33s[0m
2022.04.10 23:44:22 INFO  Disconnecting from Bloop session...[0m
2022.04.10 23:44:22 INFO  Shut down connection with build server.[0m
2022.04.10 23:44:22 INFO  Shut down connection with build server.[0m
2022.04.10 23:44:22 INFO  Shut down connection with build server.[0m
2022.04.10 23:44:22 INFO  Attempting to connect to the build server...[0m
2022.04.10 23:44:22 INFO  tracing is disabled for protocol BSP, to enable tracing of incoming and outgoing JSON messages create an empty file at /Users/hector97i/development/play-scala-app/.metals/bsp.trace.json or /Users/hector97i/Library/Caches/org.scalameta.metals/bsp.trace.json[0m
2022.04.10 23:44:22 INFO  Attempting to connect to the build server...[0m
2022.04.10 23:44:22 INFO  Attempting to connect to the build server...[0m
2022.04.10 23:44:22 INFO  tracing is disabled for protocol BSP, to enable tracing of incoming and outgoing JSON messages create an empty file at /Users/hector97i/development/play-scala-app/project/project/.metals/bsp.trace.json or /Users/hector97i/Library/Caches/org.scalameta.metals/bsp.trace.json[0m
2022.04.10 23:44:22 INFO  tracing is disabled for protocol BSP, to enable tracing of incoming and outgoing JSON messages create an empty file at /Users/hector97i/development/play-scala-app/project/.metals/bsp.trace.json or /Users/hector97i/Library/Caches/org.scalameta.metals/bsp.trace.json[0m
2022.04.10 23:44:22 INFO  time: Connected to build server in 0.34s[0m
2022.04.10 23:44:22 INFO  Connected to Build server: Bloop v1.4.13[0m
2022.04.10 23:44:22 INFO  time: Imported build in 0.12s[0m
2022.04.10 23:44:30 INFO  time: indexed workspace in 7.43s[0m
2022.04.10 23:45:10 INFO  compiling root (7 scala sources and 1 java source)[0m
2022.04.10 23:45:17 INFO  time: compiled root in 7.38s[0m
2022.04.10 23:45:17 INFO  compiling root-test (1 scala source)[0m
2022.04.10 23:45:20 INFO  time: compiled root-test in 2.39s[0m
2022.04.11 14:38:08 INFO  shutting down Metals[0m
2022.04.11 14:38:09 INFO  Shut down connection with build server.[0m
2022.04.11 14:38:09 INFO  Shut down connection with build server.[0m
2022.04.11 14:38:09 INFO  Shut down connection with build server.[0m
2022.04.11 22:49:11 INFO  tracing is disabled for protocol LSP, to enable tracing of incoming and outgoing JSON messages create an empty file at /Users/hector97i/development/play-scala-app/.metals/lsp.trace.json or /Users/hector97i/Library/Caches/org.scalameta.metals/lsp.trace.json
2022.04.11 22:49:12 INFO  logging to file /Users/hector97i/development/play-scala-app/.metals/metals.log
2022.04.11 22:49:12 INFO  Started: Metals version 0.11.2 in workspace '/Users/hector97i/development/play-scala-app' for client Visual Studio Code 1.63.2.
2022.04.11 22:49:12 INFO  Parse release: 11.0.11
2022.04.11 22:49:17 INFO  time: initialize in 5.57s
2022.04.11 22:49:18 INFO  Attempting to connect to the build server...
2022.04.11 22:49:19 INFO  skipping build import with status 'Installed'
2022.04.11 22:49:18 INFO  tracing is disabled for protocol BSP, to enable tracing of incoming and outgoing JSON messages create an empty file at /Users/hector97i/development/play-scala-app/.metals/bsp.trace.json or /Users/hector97i/Library/Caches/org.scalameta.metals/bsp.trace.json
2022.04.11 22:49:18 INFO  Attempting to connect to the build server...
2022.04.11 22:49:18 INFO  Attempting to connect to the build server...
2022.04.11 22:49:19 INFO  tracing is disabled for protocol BSP, to enable tracing of incoming and outgoing JSON messages create an empty file at /Users/hector97i/development/play-scala-app/project/project/.metals/bsp.trace.json or /Users/hector97i/Library/Caches/org.scalameta.metals/bsp.trace.json
2022.04.11 22:49:19 INFO  tracing is disabled for protocol BSP, to enable tracing of incoming and outgoing JSON messages create an empty file at /Users/hector97i/development/play-scala-app/project/.metals/bsp.trace.json or /Users/hector97i/Library/Caches/org.scalameta.metals/bsp.trace.json
2022.04.11 22:49:20 INFO  time: Connected to build server in 1.11s
2022.04.11 22:49:20 INFO  Connected to Build server: Bloop v1.4.13
2022.04.11 22:49:20 INFO  time: Imported build in 0.51s
2022.04.11 22:49:30 INFO  time: indexed workspace in 9.46s
